# JRE version: OpenJDK Runtime Environment (11.0.10) (build 11.0.10+0-b96-7249189)
# Java VM: OpenJDK 64-Bit Server VM (11.0.10+0-b96-7249189, mixed mode, tiered, compressed oops, g1 gc, windows-amd64)
Heap:
 garbage-first heap   total 253952K, used 177773K [0x0000000080000000, 0x0000000100000000)
  region size 1024K, 68 young (69632K), 2 survivors (2048K)
 Metaspace       used 96703K, capacity 99390K, committed 99532K, reserved 1134592K
  class space    used 12705K, capacity 13693K, committed 13772K, reserved 1048576K
GC Heap History (20 events):
Event: 27.927 GC heap before
{Heap before GC invocations=25 (full 0):
 garbage-first heap   total 152576K, used 120097K [0x0000000080000000, 0x0000000100000000)
  region size 1024K, 56 young (57344K), 5 survivors (5120K)
 Metaspace       used 82402K, capacity 84527K, committed 85196K, reserved 1122304K
  class space    used 10675K, capacity 11452K, committed 11724K, reserved 1048576K
}
Event: 27.938 GC heap after
{Heap after GC invocations=26 (full 0):
 garbage-first heap   total 152576K, used 71268K [0x0000000080000000, 0x0000000100000000)
  region size 1024K, 4 young (4096K), 4 survivors (4096K)
 Metaspace       used 82402K, capacity 84527K, committed 85196K, reserved 1122304K
  class space    used 10675K, capacity 11452K, committed 11724K, reserved 1048576K
}
Event: 28.262 GC heap before
{Heap before GC invocations=26 (full 0):
 garbage-first heap   total 152576K, used 122468K [0x0000000080000000, 0x0000000100000000)
  region size 1024K, 55 young (56320K), 4 survivors (4096K)
 Metaspace       used 85086K, capacity 87336K, committed 87756K, reserved 1124352K
  class space    used 11029K, capacity 11811K, committed 11980K, reserved 1048576K
}
Event: 28.274 GC heap after
{Heap after GC invocations=27 (full 0):
 garbage-first heap   total 152576K, used 80896K [0x0000000080000000, 0x0000000100000000)
  region size 1024K, 7 young (7168K), 7 survivors (7168K)
 Metaspace       used 85086K, capacity 87336K, committed 87756K, reserved 1124352K
  class space    used 11029K, capacity 11811K, committed 11980K, reserved 1048576K
}
Event: 28.771 GC heap before
{Heap before GC invocations=27 (full 0):
 garbage-first heap   total 152576K, used 121856K [0x0000000080000000, 0x0000000100000000)
  region size 1024K, 48 young (49152K), 7 survivors (7168K)
 Metaspace       used 88049K, capacity 90390K, committed 90700K, reserved 1128448K
  class space    used 11447K, capacity 12288K, committed 12364K, reserved 1048576K
}
Event: 28.791 GC heap after
{Heap after GC invocations=28 (full 0):
 garbage-first heap   total 152576K, used 86702K [0x0000000080000000, 0x0000000100000000)
  region size 1024K, 6 young (6144K), 6 survivors (6144K)
 Metaspace       used 88049K, capacity 90390K, committed 90700K, reserved 1128448K
  class space    used 11447K, capacity 12288K, committed 12364K, reserved 1048576K
}
Event: 29.173 GC heap before
{Heap before GC invocations=29 (full 0):
 garbage-first heap   total 152576K, used 122542K [0x0000000080000000, 0x0000000100000000)
  region size 1024K, 41 young (41984K), 6 survivors (6144K)
 Metaspace       used 89303K, capacity 91624K, committed 91980K, reserved 1128448K
  class space    used 11633K, capacity 12486K, committed 12620K, reserved 1048576K
}
Event: 29.195 GC heap after
{Heap after GC invocations=30 (full 0):
 garbage-first heap   total 152576K, used 93184K [0x0000000080000000, 0x0000000100000000)
  region size 1024K, 6 young (6144K), 6 survivors (6144K)
 Metaspace       used 89303K, capacity 91624K, committed 91980K, reserved 1128448K
  class space    used 11633K, capacity 12486K, committed 12620K, reserved 1048576K
}
Event: 29.534 GC heap before
{Heap before GC invocations=30 (full 0):
 garbage-first heap   total 152576K, used 122880K [0x0000000080000000, 0x0000000100000000)
  region size 1024K, 36 young (36864K), 6 survivors (6144K)
 Metaspace       used 90561K, capacity 93015K, committed 93132K, reserved 1130496K
  class space    used 11809K, capacity 12718K, committed 12748K, reserved 1048576K
}
Event: 29.578 GC heap after
{Heap after GC invocations=31 (full 0):
 garbage-first heap   total 183296K, used 98849K [0x0000000080000000, 0x0000000100000000)
  region size 1024K, 5 young (5120K), 5 survivors (5120K)
 Metaspace       used 90561K, capacity 93015K, committed 93132K, reserved 1130496K
  class space    used 11809K, capacity 12718K, committed 12748K, reserved 1048576K
}
Event: 30.710 GC heap before
{Heap before GC invocations=31 (full 0):
 garbage-first heap   total 183296K, used 137761K [0x0000000080000000, 0x0000000100000000)
  region size 1024K, 43 young (44032K), 5 survivors (5120K)
 Metaspace       used 91334K, capacity 93778K, committed 94412K, reserved 1130496K
  class space    used 11911K, capacity 12771K, committed 13004K, reserved 1048576K
}
Event: 30.740 GC heap after
{Heap after GC invocations=32 (full 0):
 garbage-first heap   total 183296K, used 105622K [0x0000000080000000, 0x0000000100000000)
  region size 1024K, 6 young (6144K), 6 survivors (6144K)
 Metaspace       used 91334K, capacity 93778K, committed 94412K, reserved 1130496K
  class space    used 11911K, capacity 12771K, committed 13004K, reserved 1048576K
}
Event: 31.199 GC heap before
{Heap before GC invocations=33 (full 0):
 garbage-first heap   total 183296K, used 142486K [0x0000000080000000, 0x0000000100000000)
  region size 1024K, 42 young (43008K), 6 survivors (6144K)
 Metaspace       used 94117K, capacity 96700K, committed 96972K, reserved 1132544K
  class space    used 12435K, capacity 13393K, committed 13516K, reserved 1048576K
}
Event: 31.222 GC heap after
{Heap after GC invocations=34 (full 0):
 garbage-first heap   total 183296K, used 109818K [0x0000000080000000, 0x0000000100000000)
  region size 1024K, 4 young (4096K), 4 survivors (4096K)
 Metaspace       used 94117K, capacity 96700K, committed 96972K, reserved 1132544K
  class space    used 12435K, capacity 13393K, committed 13516K, reserved 1048576K
}
Event: 31.572 GC heap before
{Heap before GC invocations=34 (full 0):
 garbage-first heap   total 183296K, used 145658K [0x0000000080000000, 0x0000000100000000)
  region size 1024K, 39 young (39936K), 4 survivors (4096K)
 Metaspace       used 95947K, capacity 98688K, committed 98892K, reserved 1134592K
  class space    used 12624K, capacity 13620K, committed 13644K, reserved 1048576K
}
Event: 31.587 GC heap after
{Heap after GC invocations=35 (full 0):
 garbage-first heap   total 183296K, used 111673K [0x0000000080000000, 0x0000000100000000)
  region size 1024K, 3 young (3072K), 3 survivors (3072K)
 Metaspace       used 95947K, capacity 98688K, committed 98892K, reserved 1134592K
  class space    used 12624K, capacity 13620K, committed 13644K, reserved 1048576K
}
Event: 31.881 GC heap before
{Heap before GC invocations=35 (full 0):
 garbage-first heap   total 183296K, used 147513K [0x0000000080000000, 0x0000000100000000)
  region size 1024K, 39 young (39936K), 3 survivors (3072K)
 Metaspace       used 96186K, capacity 98876K, committed 99020K, reserved 1134592K
  class space    used 12670K, capacity 13661K, committed 13772K, reserved 1048576K
}
Event: 31.897 GC heap after
{Heap after GC invocations=36 (full 0):
 garbage-first heap   total 253952K, used 111996K [0x0000000080000000, 0x0000000100000000)
  region size 1024K, 3 young (3072K), 3 survivors (3072K)
 Metaspace       used 96186K, capacity 98876K, committed 99020K, reserved 1134592K
  class space    used 12670K, capacity 13661K, committed 13772K, reserved 1048576K
}
Event: 32.810 GC heap before
{Heap before GC invocations=37 (full 0):
 garbage-first heap   total 253952K, used 174460K [0x0000000080000000, 0x0000000100000000)
  region size 1024K, 64 young (65536K), 3 survivors (3072K)
 Metaspace       used 96601K, capacity 99343K, committed 99532K, reserved 1134592K
  class space    used 12688K, capacity 13676K, committed 13772K, reserved 1048576K
}
Event: 32.823 GC heap after
{Heap after GC invocations=38 (full 0):
 garbage-first heap   total 253952K, used 111213K [0x0000000080000000, 0x0000000100000000)
  region size 1024K, 2 young (2048K), 2 survivors (2048K)
 Metaspace       used 96601K, capacity 99343K, committed 99532K, reserved 1134592K
  class space    used 12688K, capacity 13676K, committed 13772K, reserved 1048576K
}

