# JRE version: OpenJDK Runtime Environment (11.0.10) (build 11.0.10+0-b96-7249189)
# Java VM: OpenJDK 64-Bit Server VM (11.0.10+0-b96-7249189, mixed mode, tiered, compressed oops, g1 gc, windows-amd64)
Heap:
 garbage-first heap   total 126976K, used 68696K [0x0000000080000000, 0x0000000100000000)
  region size 1024K, 53 young (54272K), 3 survivors (3072K)
 Metaspace       used 32665K, capacity 33469K, committed 33536K, reserved 1081344K
  class space    used 4239K, capacity 4544K, committed 4608K, reserved 1048576K
GC Heap History (8 events):
Event: 1.895 GC heap before
{Heap before GC invocations=0 (full 0):
 garbage-first heap   total 126976K, used 29696K [0x0000000080000000, 0x0000000100000000)
  region size 1024K, 24 young (24576K), 0 survivors (0K)
 Metaspace       used 9805K, capacity 9990K, committed 10112K, reserved 1058816K
  class space    used 1022K, capacity 1102K, committed 1152K, reserved 1048576K
}
Event: 1.910 GC heap after
{Heap after GC invocations=1 (full 0):
 garbage-first heap   total 126976K, used 9063K [0x0000000080000000, 0x0000000100000000)
  region size 1024K, 3 young (3072K), 3 survivors (3072K)
 Metaspace       used 9805K, capacity 9990K, committed 10112K, reserved 1058816K
  class space    used 1022K, capacity 1102K, committed 1152K, reserved 1048576K
}
Event: 6.261 GC heap before
{Heap before GC invocations=1 (full 0):
 garbage-first heap   total 126976K, used 81767K [0x0000000080000000, 0x0000000100000000)
  region size 1024K, 74 young (75776K), 3 survivors (3072K)
 Metaspace       used 17660K, capacity 18090K, committed 18176K, reserved 1064960K
  class space    used 2084K, capacity 2236K, committed 2304K, reserved 1048576K
}
Event: 6.271 GC heap after
{Heap after GC invocations=2 (full 0):
 garbage-first heap   total 126976K, used 15950K [0x0000000080000000, 0x0000000100000000)
  region size 1024K, 10 young (10240K), 10 survivors (10240K)
 Metaspace       used 17660K, capacity 18090K, committed 18176K, reserved 1064960K
  class space    used 2084K, capacity 2236K, committed 2304K, reserved 1048576K
}
Event: 6.700 GC heap before
{Heap before GC invocations=2 (full 0):
 garbage-first heap   total 126976K, used 38478K [0x0000000080000000, 0x0000000100000000)
  region size 1024K, 34 young (34816K), 10 survivors (10240K)
 Metaspace       used 20631K, capacity 21122K, committed 21248K, reserved 1067008K
  class space    used 2522K, capacity 2720K, committed 2816K, reserved 1048576K
}
Event: 6.710 GC heap after
{Heap after GC invocations=3 (full 0):
 garbage-first heap   total 126976K, used 16936K [0x0000000080000000, 0x0000000100000000)
  region size 1024K, 1 young (1024K), 1 survivors (1024K)
 Metaspace       used 20631K, capacity 21122K, committed 21248K, reserved 1067008K
  class space    used 2522K, capacity 2720K, committed 2816K, reserved 1048576K
}
Event: 7.569 GC heap before
{Heap before GC invocations=4 (full 0):
 garbage-first heap   total 126976K, used 68136K [0x0000000080000000, 0x0000000100000000)
  region size 1024K, 52 young (53248K), 1 survivors (1024K)
 Metaspace       used 25866K, capacity 26489K, committed 26752K, reserved 1077248K
  class space    used 3386K, capacity 3599K, committed 3712K, reserved 1048576K
}
Event: 7.573 GC heap after
{Heap after GC invocations=5 (full 0):
 garbage-first heap   total 126976K, used 18520K [0x0000000080000000, 0x0000000100000000)
  region size 1024K, 3 young (3072K), 3 survivors (3072K)
 Metaspace       used 25866K, capacity 26489K, committed 26752K, reserved 1077248K
  class space    used 3386K, capacity 3599K, committed 3712K, reserved 1048576K
}

