# JRE version: OpenJDK Runtime Environment (11.0.10) (build 11.0.10+0-b96-7249189)
# Java VM: OpenJDK 64-Bit Server VM (11.0.10+0-b96-7249189, mixed mode, tiered, compressed oops, g1 gc, windows-amd64)
Heap:
 garbage-first heap   total 243712K, used 109966K [0x0000000080000000, 0x0000000100000000)
  region size 1024K, 3 young (3072K), 3 survivors (3072K)
 Metaspace       used 96466K, capacity 99228K, committed 99276K, reserved 1134592K
  class space    used 12709K, capacity 13752K, committed 13772K, reserved 1048576K
GC Heap History (20 events):
Event: 26.580 GC heap after
{Heap after GC invocations=23 (full 0):
 garbage-first heap   total 152576K, used 67356K [0x0000000080000000, 0x0000000100000000)
  region size 1024K, 5 young (5120K), 5 survivors (5120K)
 Metaspace       used 79533K, capacity 81818K, committed 81868K, reserved 1120256K
  class space    used 10373K, capacity 11185K, committed 11212K, reserved 1048576K
}
Event: 27.461 GC heap before
{Heap before GC invocations=24 (full 0):
 garbage-first heap   total 152576K, used 113436K [0x0000000080000000, 0x0000000100000000)
  region size 1024K, 52 young (53248K), 5 survivors (5120K)
 Metaspace       used 81336K, capacity 83539K, committed 83660K, reserved 1122304K
  class space    used 10563K, capacity 11349K, committed 11468K, reserved 1048576K
}
Event: 27.472 GC heap after
{Heap after GC invocations=25 (full 0):
 garbage-first heap   total 152576K, used 69568K [0x0000000080000000, 0x0000000100000000)
  region size 1024K, 5 young (5120K), 5 survivors (5120K)
 Metaspace       used 81336K, capacity 83539K, committed 83660K, reserved 1122304K
  class space    used 10563K, capacity 11349K, committed 11468K, reserved 1048576K
}
Event: 27.970 GC heap before
{Heap before GC invocations=25 (full 0):
 garbage-first heap   total 152576K, used 115648K [0x0000000080000000, 0x0000000100000000)
  region size 1024K, 51 young (52224K), 5 survivors (5120K)
 Metaspace       used 82927K, capacity 85133K, committed 85324K, reserved 1122304K
  class space    used 10765K, capacity 11578K, committed 11596K, reserved 1048576K
}
Event: 27.980 GC heap after
{Heap after GC invocations=26 (full 0):
 garbage-first heap   total 152576K, used 71303K [0x0000000080000000, 0x0000000100000000)
  region size 1024K, 4 young (4096K), 4 survivors (4096K)
 Metaspace       used 82927K, capacity 85133K, committed 85324K, reserved 1122304K
  class space    used 10765K, capacity 11578K, committed 11596K, reserved 1048576K
}
Event: 28.551 GC heap before
{Heap before GC invocations=26 (full 0):
 garbage-first heap   total 152576K, used 118407K [0x0000000080000000, 0x0000000100000000)
  region size 1024K, 52 young (53248K), 4 survivors (4096K)
 Metaspace       used 84950K, capacity 87288K, committed 87500K, reserved 1124352K
  class space    used 11029K, capacity 11867K, committed 11980K, reserved 1048576K
}
Event: 28.564 GC heap after
{Heap after GC invocations=27 (full 0):
 garbage-first heap   total 152576K, used 76790K [0x0000000080000000, 0x0000000100000000)
  region size 1024K, 7 young (7168K), 7 survivors (7168K)
 Metaspace       used 84950K, capacity 87288K, committed 87500K, reserved 1124352K
  class space    used 11029K, capacity 11867K, committed 11980K, reserved 1048576K
}
Event: 29.031 GC heap before
{Heap before GC invocations=27 (full 0):
 garbage-first heap   total 152576K, used 120822K [0x0000000080000000, 0x0000000100000000)
  region size 1024K, 51 young (52224K), 7 survivors (7168K)
 Metaspace       used 87189K, capacity 89580K, committed 89804K, reserved 1126400K
  class space    used 11335K, capacity 12191K, committed 12236K, reserved 1048576K
}
Event: 29.055 GC heap after
{Heap after GC invocations=28 (full 0):
 garbage-first heap   total 152576K, used 86519K [0x0000000080000000, 0x0000000100000000)
  region size 1024K, 7 young (7168K), 7 survivors (7168K)
 Metaspace       used 87189K, capacity 89580K, committed 89804K, reserved 1126400K
  class space    used 11335K, capacity 12191K, committed 12236K, reserved 1048576K
}
Event: 29.632 GC heap before
{Heap before GC invocations=29 (full 0):
 garbage-first heap   total 152576K, used 121335K [0x0000000080000000, 0x0000000100000000)
  region size 1024K, 42 young (43008K), 7 survivors (7168K)
 Metaspace       used 88849K, capacity 91194K, committed 91596K, reserved 1128448K
  class space    used 11532K, capacity 12381K, committed 12492K, reserved 1048576K
}
Event: 29.648 GC heap after
{Heap after GC invocations=30 (full 0):
 garbage-first heap   total 152576K, used 88907K [0x0000000080000000, 0x0000000100000000)
  region size 1024K, 6 young (6144K), 6 survivors (6144K)
 Metaspace       used 88849K, capacity 91194K, committed 91596K, reserved 1128448K
  class space    used 11532K, capacity 12381K, committed 12492K, reserved 1048576K
}
Event: 29.871 GC heap before
{Heap before GC invocations=30 (full 0):
 garbage-first heap   total 152576K, used 122699K [0x0000000080000000, 0x0000000100000000)
  region size 1024K, 39 young (39936K), 6 survivors (6144K)
 Metaspace       used 89755K, capacity 92075K, committed 92492K, reserved 1128448K
  class space    used 11642K, capacity 12482K, committed 12620K, reserved 1048576K
}
Event: 29.918 GC heap after
{Heap after GC invocations=31 (full 0):
 garbage-first heap   total 183296K, used 95326K [0x0000000080000000, 0x0000000100000000)
  region size 1024K, 5 young (5120K), 5 survivors (5120K)
 Metaspace       used 89755K, capacity 92075K, committed 92492K, reserved 1128448K
  class space    used 11642K, capacity 12482K, committed 12620K, reserved 1048576K
}
Event: 30.433 GC heap before
{Heap before GC invocations=32 (full 0):
 garbage-first heap   total 183296K, used 136286K [0x0000000080000000, 0x0000000100000000)
  region size 1024K, 45 young (46080K), 5 survivors (5120K)
 Metaspace       used 90988K, capacity 93514K, committed 93772K, reserved 1130496K
  class space    used 11857K, capacity 12772K, committed 12876K, reserved 1048576K
}
Event: 30.458 GC heap after
{Heap after GC invocations=33 (full 0):
 garbage-first heap   total 183296K, used 102558K [0x0000000080000000, 0x0000000100000000)
  region size 1024K, 6 young (6144K), 6 survivors (6144K)
 Metaspace       used 90988K, capacity 93514K, committed 93772K, reserved 1130496K
  class space    used 11857K, capacity 12772K, committed 12876K, reserved 1048576K
}
Event: 31.014 GC heap before
{Heap before GC invocations=33 (full 0):
 garbage-first heap   total 183296K, used 140446K [0x0000000080000000, 0x0000000100000000)
  region size 1024K, 44 young (45056K), 6 survivors (6144K)
 Metaspace       used 94286K, capacity 96998K, committed 97228K, reserved 1132544K
  class space    used 12462K, capacity 13470K, committed 13516K, reserved 1048576K
}
Event: 31.033 GC heap after
{Heap after GC invocations=34 (full 0):
 garbage-first heap   total 183296K, used 107533K [0x0000000080000000, 0x0000000100000000)
  region size 1024K, 5 young (5120K), 5 survivors (5120K)
 Metaspace       used 94286K, capacity 96998K, committed 97228K, reserved 1132544K
  class space    used 12462K, capacity 13470K, committed 13516K, reserved 1048576K
}
Event: 31.653 GC heap before
{Heap before GC invocations=35 (full 0):
 garbage-first heap   total 183296K, used 144397K [0x0000000080000000, 0x0000000100000000)
  region size 1024K, 42 young (43008K), 5 survivors (5120K)
 Metaspace       used 95481K, capacity 98227K, committed 98508K, reserved 1134592K
  class space    used 12601K, capacity 13634K, committed 13772K, reserved 1048576K
}
Event: 31.667 GC heap after
{Heap after GC invocations=36 (full 0):
 garbage-first heap   total 183296K, used 108631K [0x0000000080000000, 0x0000000100000000)
  region size 1024K, 2 young (2048K), 2 survivors (2048K)
 Metaspace       used 95481K, capacity 98227K, committed 98508K, reserved 1134592K
  class space    used 12601K, capacity 13634K, committed 13772K, reserved 1048576K
}
Event: 32.071 GC heap before
{Heap before GC invocations=36 (full 0):
 garbage-first heap   total 183296K, used 147543K [0x0000000080000000, 0x0000000100000000)
  region size 1024K, 40 young (40960K), 2 survivors (2048K)
 Metaspace       used 96466K, capacity 99228K, committed 99276K, reserved 1134592K
  class space    used 12709K, capacity 13752K, committed 13772K, reserved 1048576K
}

