# JRE version: OpenJDK Runtime Environment (11.0.10) (build 11.0.10+0-b96-7249189)
# Java VM: OpenJDK 64-Bit Server VM (11.0.10+0-b96-7249189, mixed mode, tiered, compressed oops, g1 gc, windows-amd64)
Heap:
 garbage-first heap   total 421888K, used 118278K [0x0000000080000000, 0x0000000100000000)
  region size 1024K, 5 young (5120K), 5 survivors (5120K)
 Metaspace       used 102024K, capacity 104703K, committed 106060K, reserved 1140736K
  class space    used 13393K, capacity 14379K, committed 14924K, reserved 1048576K
GC Heap History (20 events):
Event: 87.397 GC heap after
{Heap after GC invocations=38 (full 0):
 garbage-first heap   total 152576K, used 88892K [0x0000000080000000, 0x0000000100000000)
  region size 1024K, 4 young (4096K), 4 survivors (4096K)
 Metaspace       used 101386K, capacity 104135K, committed 105292K, reserved 1140736K
  class space    used 13400K, capacity 14426K, committed 14924K, reserved 1048576K
}
Event: 87.570 GC heap before
{Heap before GC invocations=38 (full 0):
 garbage-first heap   total 152576K, used 120636K [0x0000000080000000, 0x0000000100000000)
  region size 1024K, 36 young (36864K), 4 survivors (4096K)
 Metaspace       used 101462K, capacity 104235K, committed 105548K, reserved 1140736K
  class space    used 13424K, capacity 14459K, committed 14924K, reserved 1048576K
}
Event: 87.592 GC heap after
{Heap after GC invocations=39 (full 0):
 garbage-first heap   total 152576K, used 91384K [0x0000000080000000, 0x0000000100000000)
  region size 1024K, 5 young (5120K), 5 survivors (5120K)
 Metaspace       used 101462K, capacity 104235K, committed 105548K, reserved 1140736K
  class space    used 13424K, capacity 14459K, committed 14924K, reserved 1048576K
}
Event: 87.826 GC heap before
{Heap before GC invocations=39 (full 0):
 garbage-first heap   total 152576K, used 122104K [0x0000000080000000, 0x0000000100000000)
  region size 1024K, 36 young (36864K), 5 survivors (5120K)
 Metaspace       used 101572K, capacity 104380K, committed 105548K, reserved 1140736K
  class space    used 13436K, capacity 14462K, committed 14924K, reserved 1048576K
}
Event: 87.835 GC heap after
{Heap after GC invocations=40 (full 0):
 garbage-first heap   total 152576K, used 93808K [0x0000000080000000, 0x0000000100000000)
  region size 1024K, 5 young (5120K), 5 survivors (5120K)
 Metaspace       used 101572K, capacity 104380K, committed 105548K, reserved 1140736K
  class space    used 13436K, capacity 14462K, committed 14924K, reserved 1048576K
}
Event: 88.096 GC heap before
{Heap before GC invocations=41 (full 0):
 garbage-first heap   total 152576K, used 124528K [0x0000000080000000, 0x0000000100000000)
  region size 1024K, 35 young (35840K), 5 survivors (5120K)
 Metaspace       used 101720K, capacity 104516K, committed 105804K, reserved 1140736K
  class space    used 13440K, capacity 14463K, committed 14924K, reserved 1048576K
}
Event: 88.103 GC heap after
{Heap after GC invocations=42 (full 0):
 garbage-first heap   total 152576K, used 94564K [0x0000000080000000, 0x0000000100000000)
  region size 1024K, 3 young (3072K), 3 survivors (3072K)
 Metaspace       used 101720K, capacity 104516K, committed 105804K, reserved 1140736K
  class space    used 13440K, capacity 14463K, committed 14924K, reserved 1048576K
}
Event: 88.238 GC heap before
{Heap before GC invocations=42 (full 0):
 garbage-first heap   total 152576K, used 125284K [0x0000000080000000, 0x0000000100000000)
  region size 1024K, 33 young (33792K), 3 survivors (3072K)
 Metaspace       used 101827K, capacity 104644K, committed 105804K, reserved 1140736K
  class space    used 13440K, capacity 14463K, committed 14924K, reserved 1048576K
}
Event: 88.270 GC heap after
{Heap after GC invocations=43 (full 0):
 garbage-first heap   total 152576K, used 95919K [0x0000000080000000, 0x0000000100000000)
  region size 1024K, 3 young (3072K), 3 survivors (3072K)
 Metaspace       used 101827K, capacity 104644K, committed 105804K, reserved 1140736K
  class space    used 13440K, capacity 14463K, committed 14924K, reserved 1048576K
}
Event: 88.452 GC heap before
{Heap before GC invocations=43 (full 0):
 garbage-first heap   total 152576K, used 126639K [0x0000000080000000, 0x0000000100000000)
  region size 1024K, 33 young (33792K), 3 survivors (3072K)
 Metaspace       used 101876K, capacity 104652K, committed 105804K, reserved 1140736K
  class space    used 13441K, capacity 14464K, committed 14924K, reserved 1048576K
}
Event: 88.461 GC heap after
{Heap after GC invocations=44 (full 0):
 garbage-first heap   total 152576K, used 97233K [0x0000000080000000, 0x0000000100000000)
  region size 1024K, 4 young (4096K), 4 survivors (4096K)
 Metaspace       used 101876K, capacity 104652K, committed 105804K, reserved 1140736K
  class space    used 13441K, capacity 14464K, committed 14924K, reserved 1048576K
}
Event: 88.665 GC heap before
{Heap before GC invocations=44 (full 0):
 garbage-first heap   total 152576K, used 126929K [0x0000000080000000, 0x0000000100000000)
  region size 1024K, 34 young (34816K), 4 survivors (4096K)
 Metaspace       used 101621K, capacity 104240K, committed 106060K, reserved 1140736K
  class space    used 13333K, capacity 14285K, committed 14924K, reserved 1048576K
}
Event: 88.687 GC heap after
{Heap after GC invocations=45 (full 0):
 garbage-first heap   total 210944K, used 99297K [0x0000000080000000, 0x0000000100000000)
  region size 1024K, 5 young (5120K), 5 survivors (5120K)
 Metaspace       used 101621K, capacity 104240K, committed 106060K, reserved 1140736K
  class space    used 13333K, capacity 14285K, committed 14924K, reserved 1048576K
}
Event: 89.414 GC heap before
{Heap before GC invocations=46 (full 0):
 garbage-first heap   total 210944K, used 152545K [0x0000000080000000, 0x0000000100000000)
  region size 1024K, 58 young (59392K), 5 survivors (5120K)
 Metaspace       used 101651K, capacity 104255K, committed 106060K, reserved 1140736K
  class space    used 13336K, capacity 14291K, committed 14924K, reserved 1048576K
}
Event: 89.450 GC heap after
{Heap after GC invocations=47 (full 0):
 garbage-first heap   total 210944K, used 103313K [0x0000000080000000, 0x0000000100000000)
  region size 1024K, 8 young (8192K), 8 survivors (8192K)
 Metaspace       used 101651K, capacity 104255K, committed 106060K, reserved 1140736K
  class space    used 13336K, capacity 14291K, committed 14924K, reserved 1048576K
}
Event: 89.759 GC heap before
{Heap before GC invocations=47 (full 0):
 garbage-first heap   total 210944K, used 157585K [0x0000000080000000, 0x0000000100000000)
  region size 1024K, 62 young (63488K), 8 survivors (8192K)
 Metaspace       used 101655K, capacity 104262K, committed 106060K, reserved 1140736K
  class space    used 13337K, capacity 14293K, committed 14924K, reserved 1048576K
}
Event: 89.822 GC heap after
{Heap after GC invocations=48 (full 0):
 garbage-first heap   total 210944K, used 110206K [0x0000000080000000, 0x0000000100000000)
  region size 1024K, 8 young (8192K), 8 survivors (8192K)
 Metaspace       used 101655K, capacity 104262K, committed 106060K, reserved 1140736K
  class space    used 13337K, capacity 14293K, committed 14924K, reserved 1048576K
}
Event: 90.273 GC heap before
{Heap before GC invocations=49 (full 0):
 garbage-first heap   total 210944K, used 162430K [0x0000000080000000, 0x0000000100000000)
  region size 1024K, 59 young (60416K), 8 survivors (8192K)
 Metaspace       used 101786K, capacity 104392K, committed 106060K, reserved 1140736K
  class space    used 13337K, capacity 14293K, committed 14924K, reserved 1048576K
}
Event: 90.291 GC heap after
{Heap after GC invocations=50 (full 0):
 garbage-first heap   total 210944K, used 114471K [0x0000000080000000, 0x0000000100000000)
  region size 1024K, 7 young (7168K), 7 survivors (7168K)
 Metaspace       used 101786K, capacity 104392K, committed 106060K, reserved 1140736K
  class space    used 13337K, capacity 14293K, committed 14924K, reserved 1048576K
}
Event: 90.465 GC heap before
{Heap before GC invocations=50 (full 0):
 garbage-first heap   total 210944K, used 165671K [0x0000000080000000, 0x0000000100000000)
  region size 1024K, 57 young (58368K), 7 survivors (7168K)
 Metaspace       used 102024K, capacity 104703K, committed 106060K, reserved 1140736K
  class space    used 13393K, capacity 14379K, committed 14924K, reserved 1048576K
}

